# JRE version: OpenJDK Runtime Environment (11.0.13) (build 11.0.13+0-b1751.21-8125866)
# Java VM: OpenJDK 64-Bit Server VM (11.0.13+0-b1751.21-8125866, mixed mode, tiered, compressed oops, g1 gc, windows-amd64)
Heap:
 garbage-first heap   total 459776K, used 385890K [0x0000000080000000, 0x0000000100000000)
  region size 1024K, 229 young (234496K), 15 survivors (15360K)
 Metaspace       used 116136K, capacity 119286K, committed 119336K, reserved 1153024K
  class space    used 14505K, capacity 15772K, committed 15820K, reserved 1048576K
GC Heap History (20 events):
Event: 50.761 GC heap before
{Heap before GC invocations=101 (full 0):
 garbage-first heap   total 245760K, used 197235K [0x0000000080000000, 0x0000000100000000)
  region size 1024K, 59 young (60416K), 2 survivors (2048K)
 Metaspace       used 114808K, capacity 117797K, committed 117928K, reserved 1150976K
  class space    used 14385K, capacity 15588K, committed 15692K, reserved 1048576K
}
Event: 50.765 GC heap after
{Heap after GC invocations=102 (full 0):
 garbage-first heap   total 245760K, used 140262K [0x0000000080000000, 0x0000000100000000)
  region size 1024K, 3 young (3072K), 3 survivors (3072K)
 Metaspace       used 114808K, capacity 117797K, committed 117928K, reserved 1150976K
  class space    used 14385K, capacity 15588K, committed 15692K, reserved 1048576K
}
Event: 50.896 GC heap before
{Heap before GC invocations=102 (full 0):
 garbage-first heap   total 245760K, used 199654K [0x0000000080000000, 0x0000000100000000)
  region size 1024K, 61 young (62464K), 3 survivors (3072K)
 Metaspace       used 114828K, capacity 117797K, committed 117928K, reserved 1150976K
  class space    used 14385K, capacity 15588K, committed 15692K, reserved 1048576K
}
Event: 50.902 GC heap after
{Heap after GC invocations=103 (full 0):
 garbage-first heap   total 245760K, used 140705K [0x0000000080000000, 0x0000000100000000)
  region size 1024K, 3 young (3072K), 3 survivors (3072K)
 Metaspace       used 114828K, capacity 117797K, committed 117928K, reserved 1150976K
  class space    used 14385K, capacity 15588K, committed 15692K, reserved 1048576K
}
Event: 51.033 GC heap before
{Heap before GC invocations=103 (full 0):
 garbage-first heap   total 245760K, used 203169K [0x0000000080000000, 0x0000000100000000)
  region size 1024K, 64 young (65536K), 3 survivors (3072K)
 Metaspace       used 114847K, capacity 117799K, committed 117928K, reserved 1150976K
  class space    used 14385K, capacity 15588K, committed 15692K, reserved 1048576K
}
Event: 51.039 GC heap after
{Heap after GC invocations=104 (full 0):
 garbage-first heap   total 245760K, used 140811K [0x0000000080000000, 0x0000000100000000)
  region size 1024K, 3 young (3072K), 3 survivors (3072K)
 Metaspace       used 114847K, capacity 117799K, committed 117928K, reserved 1150976K
  class space    used 14385K, capacity 15588K, committed 15692K, reserved 1048576K
}
Event: 51.207 GC heap before
{Heap before GC invocations=104 (full 0):
 garbage-first heap   total 245760K, used 204299K [0x0000000080000000, 0x0000000100000000)
  region size 1024K, 65 young (66560K), 3 survivors (3072K)
 Metaspace       used 114856K, capacity 117865K, committed 118184K, reserved 1153024K
  class space    used 14385K, capacity 15588K, committed 15692K, reserved 1048576K
}
Event: 51.215 GC heap after
{Heap after GC invocations=105 (full 0):
 garbage-first heap   total 344064K, used 141282K [0x0000000080000000, 0x0000000100000000)
  region size 1024K, 4 young (4096K), 4 survivors (4096K)
 Metaspace       used 114856K, capacity 117865K, committed 118184K, reserved 1153024K
  class space    used 14385K, capacity 15588K, committed 15692K, reserved 1048576K
}
Event: 51.512 GC heap before
{Heap before GC invocations=105 (full 0):
 garbage-first heap   total 344064K, used 250850K [0x0000000080000000, 0x0000000100000000)
  region size 1024K, 111 young (113664K), 4 survivors (4096K)
 Metaspace       used 114886K, capacity 117875K, committed 118184K, reserved 1153024K
  class space    used 14386K, capacity 15591K, committed 15692K, reserved 1048576K
}
Event: 51.520 GC heap after
{Heap after GC invocations=106 (full 0):
 garbage-first heap   total 344064K, used 141885K [0x0000000080000000, 0x0000000100000000)
  region size 1024K, 4 young (4096K), 4 survivors (4096K)
 Metaspace       used 114886K, capacity 117875K, committed 118184K, reserved 1153024K
  class space    used 14386K, capacity 15591K, committed 15692K, reserved 1048576K
}
Event: 51.831 GC heap before
{Heap before GC invocations=106 (full 0):
 garbage-first heap   total 344064K, used 290365K [0x0000000080000000, 0x0000000100000000)
  region size 1024K, 149 young (152576K), 4 survivors (4096K)
 Metaspace       used 114890K, capacity 117875K, committed 118184K, reserved 1153024K
  class space    used 14386K, capacity 15591K, committed 15692K, reserved 1048576K
}
Event: 51.839 GC heap after
{Heap after GC invocations=107 (full 0):
 garbage-first heap   total 344064K, used 142386K [0x0000000080000000, 0x0000000100000000)
  region size 1024K, 5 young (5120K), 5 survivors (5120K)
 Metaspace       used 114890K, capacity 117875K, committed 118184K, reserved 1153024K
  class space    used 14386K, capacity 15591K, committed 15692K, reserved 1048576K
}
Event: 52.462 GC heap before
{Heap before GC invocations=107 (full 0):
 garbage-first heap   total 344064K, used 292914K [0x0000000080000000, 0x0000000100000000)
  region size 1024K, 151 young (154624K), 5 survivors (5120K)
 Metaspace       used 115110K, capacity 118170K, committed 118440K, reserved 1153024K
  class space    used 14386K, capacity 15591K, committed 15692K, reserved 1048576K
}
Event: 52.470 GC heap after
{Heap after GC invocations=108 (full 0):
 garbage-first heap   total 344064K, used 142050K [0x0000000080000000, 0x0000000100000000)
  region size 1024K, 4 young (4096K), 4 survivors (4096K)
 Metaspace       used 115110K, capacity 118170K, committed 118440K, reserved 1153024K
  class space    used 14386K, capacity 15591K, committed 15692K, reserved 1048576K
}
Event: 53.032 GC heap before
{Heap before GC invocations=108 (full 0):
 garbage-first heap   total 344064K, used 294626K [0x0000000080000000, 0x0000000100000000)
  region size 1024K, 153 young (156672K), 4 survivors (4096K)
 Metaspace       used 115127K, capacity 118170K, committed 118440K, reserved 1153024K
  class space    used 14386K, capacity 15591K, committed 15692K, reserved 1048576K
}
Event: 53.047 GC heap after
{Heap after GC invocations=109 (full 0):
 garbage-first heap   total 459776K, used 142815K [0x0000000080000000, 0x0000000100000000)
  region size 1024K, 5 young (5120K), 5 survivors (5120K)
 Metaspace       used 115127K, capacity 118170K, committed 118440K, reserved 1153024K
  class space    used 14386K, capacity 15591K, committed 15692K, reserved 1048576K
}
Event: 53.642 GC heap before
{Heap before GC invocations=109 (full 0):
 garbage-first heap   total 459776K, used 327135K [0x0000000080000000, 0x0000000100000000)
  region size 1024K, 186 young (190464K), 5 survivors (5120K)
 Metaspace       used 115196K, capacity 118202K, committed 118440K, reserved 1153024K
  class space    used 14392K, capacity 15598K, committed 15692K, reserved 1048576K
}
Event: 53.650 GC heap after
{Heap after GC invocations=110 (full 0):
 garbage-first heap   total 459776K, used 143656K [0x0000000080000000, 0x0000000100000000)
  region size 1024K, 5 young (5120K), 5 survivors (5120K)
 Metaspace       used 115196K, capacity 118202K, committed 118440K, reserved 1153024K
  class space    used 14392K, capacity 15598K, committed 15692K, reserved 1048576K
}
Event: 54.355 GC heap before
{Heap before GC invocations=110 (full 0):
 garbage-first heap   total 459776K, used 349480K [0x0000000080000000, 0x0000000100000000)
  region size 1024K, 207 young (211968K), 5 survivors (5120K)
 Metaspace       used 115218K, capacity 118268K, committed 118440K, reserved 1153024K
  class space    used 14392K, capacity 15598K, committed 15692K, reserved 1048576K
}
Event: 54.366 GC heap after
{Heap after GC invocations=111 (full 0):
 garbage-first heap   total 459776K, used 146619K [0x0000000080000000, 0x0000000100000000)
  region size 1024K, 8 young (8192K), 8 survivors (8192K)
 Metaspace       used 115218K, capacity 118268K, committed 118440K, reserved 1153024K
  class space    used 14392K, capacity 15598K, committed 15692K, reserved 1048576K
}

