# JRE version: OpenJDK Runtime Environment (11.0.13) (build 11.0.13+0-b1751.21-8125866)
# Java VM: OpenJDK 64-Bit Server VM (11.0.13+0-b1751.21-8125866, mixed mode, tiered, compressed oops, g1 gc, windows-amd64)
Heap:
 garbage-first heap   total 493568K, used 162243K [0x0000000080000000, 0x0000000100000000)
  region size 1024K, 9 young (9216K), 9 survivors (9216K)
 Metaspace       used 107226K, capacity 110104K, committed 110492K, reserved 1144832K
  class space    used 13521K, capacity 14667K, committed 14796K, reserved 1048576K
GC Heap History (20 events):
Event: 104.571 GC heap after
{Heap after GC invocations=130 (full 0):
 garbage-first heap   total 425984K, used 205105K [0x0000000080000000, 0x0000000100000000)
  region size 1024K, 5 young (5120K), 5 survivors (5120K)
 Metaspace       used 107241K, capacity 110236K, committed 110492K, reserved 1144832K
  class space    used 13568K, capacity 14751K, committed 14796K, reserved 1048576K
}
Event: 105.046 GC heap before
{Heap before GC invocations=131 (full 0):
 garbage-first heap   total 425984K, used 346417K [0x0000000080000000, 0x0000000100000000)
  region size 1024K, 157 young (160768K), 5 survivors (5120K)
 Metaspace       used 107099K, capacity 110002K, committed 110492K, reserved 1144832K
  class space    used 13516K, capacity 14660K, committed 14796K, reserved 1048576K
}
Event: 105.054 GC heap after
{Heap after GC invocations=132 (full 0):
 garbage-first heap   total 425984K, used 191358K [0x0000000080000000, 0x0000000100000000)
  region size 1024K, 5 young (5120K), 5 survivors (5120K)
 Metaspace       used 107099K, capacity 110002K, committed 110492K, reserved 1144832K
  class space    used 13516K, capacity 14660K, committed 14796K, reserved 1048576K
}
Event: 105.073 GC heap before
{Heap before GC invocations=132 (full 0):
 garbage-first heap   total 425984K, used 206718K [0x0000000080000000, 0x0000000100000000)
  region size 1024K, 20 young (20480K), 5 survivors (5120K)
 Metaspace       used 107099K, capacity 110002K, committed 110492K, reserved 1144832K
  class space    used 13516K, capacity 14660K, committed 14796K, reserved 1048576K
}
Event: 105.081 GC heap after
{Heap after GC invocations=133 (full 0):
 garbage-first heap   total 425984K, used 155367K [0x0000000080000000, 0x0000000100000000)
  region size 1024K, 2 young (2048K), 2 survivors (2048K)
 Metaspace       used 107099K, capacity 110002K, committed 110492K, reserved 1144832K
  class space    used 13516K, capacity 14660K, committed 14796K, reserved 1048576K
}
Event: 105.394 GC heap before
{Heap before GC invocations=133 (full 0):
 garbage-first heap   total 425984K, used 348903K [0x0000000080000000, 0x0000000100000000)
  region size 1024K, 191 young (195584K), 2 survivors (2048K)
 Metaspace       used 107107K, capacity 110009K, committed 110492K, reserved 1144832K
  class space    used 13517K, capacity 14662K, committed 14796K, reserved 1048576K
}
Event: 105.402 GC heap after
{Heap after GC invocations=134 (full 0):
 garbage-first heap   total 425984K, used 155822K [0x0000000080000000, 0x0000000100000000)
  region size 1024K, 3 young (3072K), 3 survivors (3072K)
 Metaspace       used 107107K, capacity 110009K, committed 110492K, reserved 1144832K
  class space    used 13517K, capacity 14662K, committed 14796K, reserved 1048576K
}
Event: 105.710 GC heap before
{Heap before GC invocations=134 (full 0):
 garbage-first heap   total 425984K, used 353454K [0x0000000080000000, 0x0000000100000000)
  region size 1024K, 196 young (200704K), 3 survivors (3072K)
 Metaspace       used 107111K, capacity 110010K, committed 110492K, reserved 1144832K
  class space    used 13517K, capacity 14662K, committed 14796K, reserved 1048576K
}
Event: 105.716 GC heap after
{Heap after GC invocations=135 (full 0):
 garbage-first heap   total 425984K, used 156291K [0x0000000080000000, 0x0000000100000000)
  region size 1024K, 3 young (3072K), 3 survivors (3072K)
 Metaspace       used 107111K, capacity 110010K, committed 110492K, reserved 1144832K
  class space    used 13517K, capacity 14662K, committed 14796K, reserved 1048576K
}
Event: 106.032 GC heap before
{Heap before GC invocations=135 (full 0):
 garbage-first heap   total 425984K, used 358019K [0x0000000080000000, 0x0000000100000000)
  region size 1024K, 200 young (204800K), 3 survivors (3072K)
 Metaspace       used 107117K, capacity 110010K, committed 110492K, reserved 1144832K
  class space    used 13517K, capacity 14662K, committed 14796K, reserved 1048576K
}
Event: 106.039 GC heap after
{Heap after GC invocations=136 (full 0):
 garbage-first heap   total 425984K, used 157323K [0x0000000080000000, 0x0000000100000000)
  region size 1024K, 4 young (4096K), 4 survivors (4096K)
 Metaspace       used 107117K, capacity 110010K, committed 110492K, reserved 1144832K
  class space    used 13517K, capacity 14662K, committed 14796K, reserved 1048576K
}
Event: 106.360 GC heap before
{Heap before GC invocations=136 (full 0):
 garbage-first heap   total 425984K, used 360075K [0x0000000080000000, 0x0000000100000000)
  region size 1024K, 202 young (206848K), 4 survivors (4096K)
 Metaspace       used 107121K, capacity 110010K, committed 110492K, reserved 1144832K
  class space    used 13517K, capacity 14662K, committed 14796K, reserved 1048576K
}
Event: 106.371 GC heap after
{Heap after GC invocations=137 (full 0):
 garbage-first heap   total 425984K, used 158094K [0x0000000080000000, 0x0000000100000000)
  region size 1024K, 5 young (5120K), 5 survivors (5120K)
 Metaspace       used 107121K, capacity 110010K, committed 110492K, reserved 1144832K
  class space    used 13517K, capacity 14662K, committed 14796K, reserved 1048576K
}
Event: 106.765 GC heap before
{Heap before GC invocations=137 (full 0):
 garbage-first heap   total 425984K, used 366990K [0x0000000080000000, 0x0000000100000000)
  region size 1024K, 204 young (208896K), 5 survivors (5120K)
 Metaspace       used 107170K, capacity 110082K, committed 110492K, reserved 1144832K
  class space    used 13517K, capacity 14662K, committed 14796K, reserved 1048576K
}
Event: 106.779 GC heap after
{Heap after GC invocations=138 (full 0):
 garbage-first heap   total 425984K, used 165134K [0x0000000080000000, 0x0000000100000000)
  region size 1024K, 9 young (9216K), 9 survivors (9216K)
 Metaspace       used 107170K, capacity 110082K, committed 110492K, reserved 1144832K
  class space    used 13517K, capacity 14662K, committed 14796K, reserved 1048576K
}
Event: 107.238 GC heap before
{Heap before GC invocations=138 (full 0):
 garbage-first heap   total 425984K, used 365838K [0x0000000080000000, 0x0000000100000000)
  region size 1024K, 205 young (209920K), 9 survivors (9216K)
 Metaspace       used 107188K, capacity 110085K, committed 110492K, reserved 1144832K
  class space    used 13517K, capacity 14662K, committed 14796K, reserved 1048576K
}
Event: 107.250 GC heap after
{Heap after GC invocations=139 (full 0):
 garbage-first heap   total 425984K, used 160835K [0x0000000080000000, 0x0000000100000000)
  region size 1024K, 8 young (8192K), 8 survivors (8192K)
 Metaspace       used 107188K, capacity 110085K, committed 110492K, reserved 1144832K
  class space    used 13517K, capacity 14662K, committed 14796K, reserved 1048576K
}
Event: 107.661 GC heap before
{Heap before GC invocations=139 (full 0):
 garbage-first heap   total 425984K, used 363587K [0x0000000080000000, 0x0000000100000000)
  region size 1024K, 207 young (211968K), 8 survivors (8192K)
 Metaspace       used 107195K, capacity 110086K, committed 110492K, reserved 1144832K
  class space    used 13517K, capacity 14662K, committed 14796K, reserved 1048576K
}
Event: 107.676 GC heap after
{Heap after GC invocations=140 (full 0):
 garbage-first heap   total 425984K, used 161511K [0x0000000080000000, 0x0000000100000000)
  region size 1024K, 8 young (8192K), 8 survivors (8192K)
 Metaspace       used 107195K, capacity 110086K, committed 110492K, reserved 1144832K
  class space    used 13517K, capacity 14662K, committed 14796K, reserved 1048576K
}
Event: 108.044 GC heap before
{Heap before GC invocations=140 (full 0):
 garbage-first heap   total 425984K, used 365287K [0x0000000080000000, 0x0000000100000000)
  region size 1024K, 208 young (212992K), 8 survivors (8192K)
 Metaspace       used 107226K, capacity 110104K, committed 110492K, reserved 1144832K
  class space    used 13521K, capacity 14667K, committed 14796K, reserved 1048576K
}

